<?xml version="1.0" encoding="UTF-8"?>
<!-- Generated by org.testng.reporters.JUnitReportReporter -->
<testsuite skipped="0" hostname="apzz0928-PC" name="확인용" tests="1" failures="0" timestamp="10 7월 2017 03:48:26 GMT" time="3.912" errors="0">
  <testcase name="A_Login" time="3.912" classname="확인용"/>
</testsuite> <!-- 확인용 -->
