<?xml version="1.0" encoding="UTF-8"?>
<!-- Generated by org.testng.reporters.JUnitReportReporter -->
<testsuite skipped="0" hostname="apzz0928-PC" name="rctTest.rctTestAuthMng" tests="4" failures="0" timestamp="24 7ì›” 2017 07:01:10 GMT" time="10.463" errors="0">
  <testcase name="Login" time="1.990" classname="rctTest.rctTestAuthMng"/>
  <testcase name="langChange" time="0.328" classname="rctTest.rctTestAuthMng"/>
  <testcase name="ctMember" time="7.855" classname="rctTest.rctTestAuthMng"/>
  <testcase name="Logout" time="0.290" classname="rctTest.rctTestAuthMng"/>
</testsuite> <!-- rctTest.rctTestAuthMng -->
