<?xml version="1.0" encoding="UTF-8"?>
<!-- Generated by org.testng.reporters.JUnitReportReporter -->
<testsuite skipped="0" hostname="apzz0928-PC" name="rctTest.rctTestGameMng" tests="3" failures="0" timestamp="24 7ì›” 2017 01:49:48 GMT" time="6.847" errors="0">
  <testcase name="Login" time="2.384" classname="rctTest.rctTestGameMng"/>
  <testcase name="langChange" time="0.388" classname="rctTest.rctTestGameMng"/>
  <testcase name="pvpSchedule" time="4.075" classname="rctTest.rctTestGameMng"/>
</testsuite> <!-- rctTest.rctTestGameMng -->
