<?xml version="1.0" encoding="UTF-8"?>
<!-- Generated by org.testng.reporters.JUnitReportReporter -->
<testsuite skipped="0" hostname="apzz0928-PC" name="rctTest" tests="22" failures="0" timestamp="07 7ì›” 2017 08:06:28 GMT" time="210.550" errors="0">
  <testcase name="D_authMng_C_groupListByAdmin" time="6.508" classname="rctTest"/>
  <testcase name="C_gameMng_J_ingameGuide" time="13.281" classname="rctTest"/>
  <testcase name="C_gameMng_M_pvpSchedule" time="13.267" classname="rctTest"/>
  <testcase name="C_gameMng_G_burningEvent" time="17.326" classname="rctTest"/>
  <testcase name="C_gameMng_F_mailOut" time="7.986" classname="rctTest"/>
  <testcase name="C_gameMng_H_getServerStatus" time="8.928" classname="rctTest"/>
  <testcase name="E_gameAccountMng_B_uuidTracking" time="1.224" classname="rctTest"/>
  <testcase name="C_gameMng_A_sendMail" time="4.896" classname="rctTest"/>
  <testcase name="D_authMng_A_authorityMenu" time="18.871" classname="rctTest"/>
  <testcase name="D_authMng_D_ctActionLog" time="5.564" classname="rctTest"/>
  <testcase name="D_authMng_E_ctMember" time="15.364" classname="rctTest"/>
  <testcase name="C_gameMng_I_limitdrop" time="11.395" classname="rctTest"/>
  <testcase name="C_gameMng_L_slangForm" time="25.118" classname="rctTest"/>
  <testcase name="B_lang_change" time="2.338" classname="rctTest"/>
  <testcase name="E_gameAccountMng_B_recovery" time="1.402" classname="rctTest"/>
  <testcase name="C_gameMng_C_ingameNotice" time="12.596" classname="rctTest"/>
  <testcase name="C_gameMng_B_systemMessage" time="5.679" classname="rctTest"/>
  <testcase name="D_authMng_B_authorityGroupMng" time="11.738" classname="rctTest"/>
  <testcase name="A_Login" time="3.967" classname="rctTest"/>
  <testcase name="C_gameMng_K_onlineUserCountInfo" time="5.816" classname="rctTest"/>
  <testcase name="E_gameAccountMng_A_accountSearch" time="12.367" classname="rctTest"/>
  <testcase name="C_gameMng_D_kickUser" time="4.919" classname="rctTest"/>
</testsuite> <!-- rctTest -->
