<?xml version="1.0" encoding="UTF-8"?>
<!-- Generated by org.testng.reporters.JUnitReportReporter -->
<testsuite skipped="0" hostname="apzz0928-PC" name="GridExample" tests="2" failures="0" timestamp="05 7ì›” 2017 02:50:41 GMT" time="20.388" errors="0">
  <testcase name="calculatepercent" time="10.539" classname="GridExample"/>
  <testcase name="calculatepercent" time="9.849" classname="GridExample"/>
</testsuite> <!-- GridExample -->
