<?xml version="1.0" encoding="UTF-8"?>
<!-- Generated by org.testng.reporters.JUnitReportReporter -->
<testsuite skipped="0" hostname="apzz0928-PC" name="rctTest.rctTestAll" tests="3" failures="0" timestamp="20 7ì›” 2017 06:14:48 GMT" time="9.355" errors="0">
  <testcase name="Login" time="2.584" classname="rctTest.rctTestAll"/>
  <testcase name="langChange" time="0.416" classname="rctTest.rctTestAll"/>
  <testcase name="systemMessage" time="6.355" classname="rctTest.rctTestAll"/>
</testsuite> <!-- rctTest.rctTestAll -->
