<?xml version="1.0" encoding="UTF-8"?>
<!-- Generated by org.testng.reporters.JUnitReportReporter -->
<testsuite skipped="0" hostname="apzz0928-PC" name="NewTestNG" tests="1" failures="0" timestamp="30 6ì›” 2017 05:09:04 GMT" time="16.905" errors="0">
  <testcase name="A_Login" time="16.905" classname="NewTestNG"/>
</testsuite> <!-- NewTestNG -->
